<?xml version="1.0" encoding="UTF-8"?>
<!-- Generated by org.testng.reporters.JUnitReportReporter -->
<testsuite hostname="DESKTOP-M82LT7P" failures="0" tests="1" name="com.flipkart.TC_BuyNow_003" time="63.601" errors="0" timestamp="2023-10-20T06:55:00 IST" skipped="0">
  <testcase classname="com.flipkart.TC_BuyNow_003" name="BuyNow" time="63.601"/>
</testsuite> <!-- com.flipkart.TC_BuyNow_003 -->
