<?xml version="1.0" encoding="UTF-8"?>
<!-- Generated by org.testng.reporters.JUnitReportReporter -->
<testsuite hostname="DESKTOP-M82LT7P" failures="0" tests="1" name="com.flipkart.TC_AddtoCart_004" time="103.248" errors="0" timestamp="2023-10-19T18:00:49 IST" skipped="0">
  <testcase classname="com.flipkart.TC_AddtoCart_004" name="AddtoCart" time="103.248"/>
</testsuite> <!-- com.flipkart.TC_AddtoCart_004 -->
