<?xml version="1.0" encoding="UTF-8"?>
<!-- Generated by org.testng.reporters.JUnitReportReporter -->
<testsuite hostname="DESKTOP-M82LT7P" failures="0" tests="1" name="com.flipkart.TC_Searchforproduct_002" time="16.145" errors="0" timestamp="2023-10-19T17:07:42 IST" skipped="0">
  <testcase classname="com.flipkart.TC_Searchforproduct_002" name="SearchforProduct" time="16.145"/>
</testsuite> <!-- com.flipkart.TC_Searchforproduct_002 -->
